Traceback (most recent call last):
  File "/usr/share/miniconda3/lib/python3.8/site-packages/jupyter_cache/executors/utils.py", line 51, in single_nb_execution
    executenb(
  File "/usr/share/miniconda3/lib/python3.8/site-packages/nbclient/client.py", line 1082, in execute
    return NotebookClient(nb=nb, resources=resources, km=km, **kwargs).execute()
  File "/usr/share/miniconda3/lib/python3.8/site-packages/nbclient/util.py", line 74, in wrapped
    return just_run(coro(*args, **kwargs))
  File "/usr/share/miniconda3/lib/python3.8/site-packages/nbclient/util.py", line 53, in just_run
    return loop.run_until_complete(coro)
  File "/usr/share/miniconda3/lib/python3.8/asyncio/base_events.py", line 616, in run_until_complete
    return future.result()
  File "/usr/share/miniconda3/lib/python3.8/site-packages/nbclient/client.py", line 535, in async_execute
    await self.async_execute_cell(
  File "/usr/share/miniconda3/lib/python3.8/site-packages/nbclient/client.py", line 827, in async_execute_cell
    self._check_raise_for_error(cell, exec_reply)
  File "/usr/share/miniconda3/lib/python3.8/site-packages/nbclient/client.py", line 735, in _check_raise_for_error
    raise CellExecutionError.from_cell_and_msg(cell, exec_reply['content'])
nbclient.exceptions.CellExecutionError: An error occurred while executing the following cell:
------------------
%%bash
source ~/.bash_profile
conda activate testenv
------------------

[0;31m---------------------------------------------------------------------------[0m
[0;31mCalledProcessError[0m                        Traceback (most recent call last)
[0;32m<ipython-input-5-163a04e47b66>[0m in [0;36m<module>[0;34m[0m
[0;32m----> 1[0;31m [0mget_ipython[0m[0;34m([0m[0;34m)[0m[0;34m.[0m[0mrun_cell_magic[0m[0;34m([0m[0;34m'bash'[0m[0;34m,[0m [0;34m''[0m[0;34m,[0m [0;34m'source ~/.bash_profile\nconda activate testenv\n'[0m[0;34m)[0m[0;34m[0m[0;34m[0m[0m
[0m
[0;32m/usr/share/miniconda3/envs/big-data/lib/python3.8/site-packages/IPython/core/interactiveshell.py[0m in [0;36mrun_cell_magic[0;34m(self, magic_name, line, cell)[0m
[1;32m   2379[0m             [0;32mwith[0m [0mself[0m[0;34m.[0m[0mbuiltin_trap[0m[0;34m:[0m[0;34m[0m[0;34m[0m[0m
[1;32m   2380[0m                 [0margs[0m [0;34m=[0m [0;34m([0m[0mmagic_arg_s[0m[0;34m,[0m [0mcell[0m[0;34m)[0m[0;34m[0m[0;34m[0m[0m
[0;32m-> 2381[0;31m                 [0mresult[0m [0;34m=[0m [0mfn[0m[0;34m([0m[0;34m*[0m[0margs[0m[0;34m,[0m [0;34m**[0m[0mkwargs[0m[0;34m)[0m[0;34m[0m[0;34m[0m[0m
[0m[1;32m   2382[0m             [0;32mreturn[0m [0mresult[0m[0;34m[0m[0;34m[0m[0m
[1;32m   2383[0m [0;34m[0m[0m

[0;32m/usr/share/miniconda3/envs/big-data/lib/python3.8/site-packages/IPython/core/magics/script.py[0m in [0;36mnamed_script_magic[0;34m(line, cell)[0m
[1;32m    140[0m             [0;32melse[0m[0;34m:[0m[0;34m[0m[0;34m[0m[0m
[1;32m    141[0m                 [0mline[0m [0;34m=[0m [0mscript[0m[0;34m[0m[0;34m[0m[0m
[0;32m--> 142[0;31m             [0;32mreturn[0m [0mself[0m[0;34m.[0m[0mshebang[0m[0;34m([0m[0mline[0m[0;34m,[0m [0mcell[0m[0;34m)[0m[0;34m[0m[0;34m[0m[0m
[0m[1;32m    143[0m [0;34m[0m[0m
[1;32m    144[0m         [0;31m# write a basic docstring:[0m[0;34m[0m[0;34m[0m[0;34m[0m[0m

[0;32m<decorator-gen-103>[0m in [0;36mshebang[0;34m(self, line, cell)[0m

[0;32m/usr/share/miniconda3/envs/big-data/lib/python3.8/site-packages/IPython/core/magic.py[0m in [0;36m<lambda>[0;34m(f, *a, **k)[0m
[1;32m    185[0m     [0;31m# but it's overkill for just that one bit of state.[0m[0;34m[0m[0;34m[0m[0;34m[0m[0m
[1;32m    186[0m     [0;32mdef[0m [0mmagic_deco[0m[0;34m([0m[0marg[0m[0;34m)[0m[0;34m:[0m[0;34m[0m[0;34m[0m[0m
[0;32m--> 187[0;31m         [0mcall[0m [0;34m=[0m [0;32mlambda[0m [0mf[0m[0;34m,[0m [0;34m*[0m[0ma[0m[0;34m,[0m [0;34m**[0m[0mk[0m[0;34m:[0m [0mf[0m[0;34m([0m[0;34m*[0m[0ma[0m[0;34m,[0m [0;34m**[0m[0mk[0m[0;34m)[0m[0;34m[0m[0;34m[0m[0m
[0m[1;32m    188[0m [0;34m[0m[0m
[1;32m    189[0m         [0;32mif[0m [0mcallable[0m[0;34m([0m[0marg[0m[0;34m)[0m[0;34m:[0m[0;34m[0m[0;34m[0m[0m

[0;32m/usr/share/miniconda3/envs/big-data/lib/python3.8/site-packages/IPython/core/magics/script.py[0m in [0;36mshebang[0;34m(self, line, cell)[0m
[1;32m    243[0m             [0msys[0m[0;34m.[0m[0mstderr[0m[0;34m.[0m[0mflush[0m[0;34m([0m[0;34m)[0m[0;34m[0m[0;34m[0m[0m
[1;32m    244[0m         [0;32mif[0m [0margs[0m[0;34m.[0m[0mraise_error[0m [0;32mand[0m [0mp[0m[0;34m.[0m[0mreturncode[0m[0;34m!=[0m[0;36m0[0m[0;34m:[0m[0;34m[0m[0;34m[0m[0m
[0;32m--> 245[0;31m             [0;32mraise[0m [0mCalledProcessError[0m[0;34m([0m[0mp[0m[0;34m.[0m[0mreturncode[0m[0;34m,[0m [0mcell[0m[0;34m,[0m [0moutput[0m[0;34m=[0m[0mout[0m[0;34m,[0m [0mstderr[0m[0;34m=[0m[0merr[0m[0;34m)[0m[0;34m[0m[0;34m[0m[0m
[0m[1;32m    246[0m [0;34m[0m[0m
[1;32m    247[0m     [0;32mdef[0m [0m_run_script[0m[0;34m([0m[0mself[0m[0;34m,[0m [0mp[0m[0;34m,[0m [0mcell[0m[0;34m,[0m [0mto_close[0m[0;34m)[0m[0;34m:[0m[0;34m[0m[0;34m[0m[0m

[0;31mCalledProcessError[0m: Command 'b'source ~/.bash_profile\nconda activate testenv\n'' returned non-zero exit status 1.
CalledProcessError: Command 'b'source ~/.bash_profile\nconda activate testenv\n'' returned non-zero exit status 1.

