Traceback (most recent call last):
  File "/usr/share/miniconda3/lib/python3.8/site-packages/jupyter_cache/executors/utils.py", line 51, in single_nb_execution
    executenb(
  File "/usr/share/miniconda3/lib/python3.8/site-packages/nbclient/client.py", line 1082, in execute
    return NotebookClient(nb=nb, resources=resources, km=km, **kwargs).execute()
  File "/usr/share/miniconda3/lib/python3.8/site-packages/nbclient/util.py", line 74, in wrapped
    return just_run(coro(*args, **kwargs))
  File "/usr/share/miniconda3/lib/python3.8/site-packages/nbclient/util.py", line 53, in just_run
    return loop.run_until_complete(coro)
  File "/usr/share/miniconda3/lib/python3.8/asyncio/base_events.py", line 616, in run_until_complete
    return future.result()
  File "/usr/share/miniconda3/lib/python3.8/site-packages/nbclient/client.py", line 535, in async_execute
    await self.async_execute_cell(
  File "/usr/share/miniconda3/lib/python3.8/site-packages/nbclient/client.py", line 827, in async_execute_cell
    self._check_raise_for_error(cell, exec_reply)
  File "/usr/share/miniconda3/lib/python3.8/site-packages/nbclient/client.py", line 735, in _check_raise_for_error
    raise CellExecutionError.from_cell_and_msg(cell, exec_reply['content'])
nbclient.exceptions.CellExecutionError: An error occurred while executing the following cell:
------------------
from tqdm.notebook import tqdm
for fn in tqdm(filenames):
    with open(fn) as f:
        data = [json.loads(line) for line in f]
        
    df = pd.DataFrame(data)
    
    out_filename = fn[:-5] + '.h5'
    df.to_hdf(out_filename, '/data')
------------------

[0;31m---------------------------------------------------------------------------[0m
[0;31mModuleNotFoundError[0m                       Traceback (most recent call last)
[0;32m<ipython-input-19-0bbe2af9d7b7>[0m in [0;36m<module>[0;34m[0m
[0;32m----> 1[0;31m [0;32mfrom[0m [0mtqdm[0m[0;34m.[0m[0mnotebook[0m [0;32mimport[0m [0mtqdm[0m[0;34m[0m[0;34m[0m[0m
[0m[1;32m      2[0m [0;32mfor[0m [0mfn[0m [0;32min[0m [0mtqdm[0m[0;34m([0m[0mfilenames[0m[0;34m)[0m[0;34m:[0m[0;34m[0m[0;34m[0m[0m
[1;32m      3[0m     [0;32mwith[0m [0mopen[0m[0;34m([0m[0mfn[0m[0;34m)[0m [0;32mas[0m [0mf[0m[0;34m:[0m[0;34m[0m[0;34m[0m[0m
[1;32m      4[0m         [0mdata[0m [0;34m=[0m [0;34m[[0m[0mjson[0m[0;34m.[0m[0mloads[0m[0;34m([0m[0mline[0m[0;34m)[0m [0;32mfor[0m [0mline[0m [0;32min[0m [0mf[0m[0;34m][0m[0;34m[0m[0;34m[0m[0m
[1;32m      5[0m [0;34m[0m[0m

[0;31mModuleNotFoundError[0m: No module named 'tqdm'
ModuleNotFoundError: No module named 'tqdm'

